Using pre-set license

 COMMAND LINE ARGUMENTS:
/Applications/Unity/Hub/Editor/2020.2.1f1/Unity.app/Contents/MacOS/Unity
-adb2
-batchMode
-noUpm
-name
AssetImportWorker0
-projectPath
/Users/tamio/Documents/UnityProjects/Unity2DCourse/GlitchGarden/GlitchGarden
-logFile
Logs/AssetImportWorker0.log
-srvPort
52028
Successfully changed project path to: /Users/tamio/Documents/UnityProjects/Unity2DCourse/GlitchGarden/GlitchGarden
/Users/tamio/Documents/UnityProjects/Unity2DCourse/GlitchGarden/GlitchGarden
Using Asset Import Pipeline V2.
Refreshing native plugins compatible for Editor in 247.38 ms, found 2 plugins.
Preloading 0 native plugins for Editor in 0.00 ms.
Initialize engine version: 2020.2.1f1 (270dd8c3da1c)
[Subsystems] Discovering subsystems at path /Applications/Unity/Hub/Editor/2020.2.1f1/Unity.app/Contents/Resources/UnitySubsystems
[Subsystems] Discovering subsystems at path /Users/tamio/Documents/UnityProjects/Unity2DCourse/GlitchGarden/GlitchGarden/Assets
GfxDevice: creating device client; threaded=0
2021-05-15 10:42:24.374 Unity[10914:501239] Color LCD preferred device: NVIDIA GeForce GT 650M (high power)
2021-05-15 10:42:24.374 Unity[10914:501239] Metal devices available: 2
2021-05-15 10:42:24.374 Unity[10914:501239] 0: NVIDIA GeForce GT 650M (high power)
2021-05-15 10:42:24.374 Unity[10914:501239] 1: Intel HD Graphics 4000 (low power)
2021-05-15 10:42:24.375 Unity[10914:501239] Using device NVIDIA GeForce GT 650M (high power)
Initializing Metal device caps: NVIDIA GeForce GT 650M
Initialize mono
Mono path[0] = '/Applications/Unity/Hub/Editor/2020.2.1f1/Unity.app/Contents/Managed'
Mono path[1] = '/Applications/Unity/Hub/Editor/2020.2.1f1/Unity.app/Contents/MonoBleedingEdge/lib/mono/unityjit'
Mono config path = '/Applications/Unity/Hub/Editor/2020.2.1f1/Unity.app/Contents/MonoBleedingEdge/etc'
Using monoOptions --debugger-agent=transport=dt_socket,embedding=1,server=y,suspend=n,address=127.0.0.1:56914
Begin MonoManager ReloadAssembly
Registering precompiled unity dll's ...
Register platform support module: /Applications/Unity/Hub/Editor/2020.2.1f1/PlaybackEngines/WebGLSupport/UnityEditor.WebGL.Extensions.dll
Register platform support module: /Applications/Unity/Hub/Editor/2020.2.1f1/Unity.app/Contents/PlaybackEngines/MacStandaloneSupport/UnityEditor.OSXStandalone.Extensions.dll
Registered in 0.002949 seconds.
Native extension for OSXStandalone target not found
Native extension for WebGL target not found
Refreshing native plugins compatible for Editor in 52.99 ms, found 2 plugins.
Preloading 0 native plugins for Editor in 0.00 ms.
Invoked RoslynAnalysisRunner static constructor.
RoslynAnalysisRunner will not be running.
RoslynAnalysisRunner has terminated.
Mono: successfully reloaded assembly
- Completed reload, in  9.678 seconds
Platform modules already initialized, skipping
Registering precompiled user dll's ...
Registered in 0.001820 seconds.
Begin MonoManager ReloadAssembly
Native extension for OSXStandalone target not found
Native extension for WebGL target not found
Refreshing native plugins compatible for Editor in 53.43 ms, found 2 plugins.
Preloading 0 native plugins for Editor in 0.00 ms.
Invoked RoslynAnalysisRunner static constructor.
RoslynAnalysisRunner will not be running.
RoslynAnalysisRunner has terminated.
Mono: successfully reloaded assembly
- Completed reload, in  1.529 seconds
Platform modules already initialized, skipping
========================================================================
Worker process is ready to serve import requests
Launching external process: /Applications/Unity/Hub/Editor/2020.2.1f1/Unity.app/Contents/Tools/UnityShaderCompiler
Launched and connected shader compiler UnityShaderCompiler after 0.07 seconds
Refreshing native plugins compatible for Editor in 0.48 ms, found 2 plugins.
Preloading 0 native plugins for Editor in 0.00 ms.
Unloading 1845 Unused Serialized files (Serialized files now loaded: 0)
System memory in use before: 153.2 MB.
System memory in use after: 153.2 MB.

Unloading 24 unused Assets to reduce memory usage. Loaded Objects now: 2292.
Total: 3.324900 ms (FindLiveObjects: 0.272769 ms CreateObjectMapping: 0.074906 ms MarkObjects: 2.785036 ms  DeleteObjects: 0.190660 ms)

========================================================================
Received Import Request.
  path: Assets/Sprites/Spritesheets/Defenders/Gravestone
  artifactKey: Guid(e8169ba7cb19b44c881ce549f5d918d8) Importer(815301076,1909f56bfc062723c751e8b465ee728b)
Start importing Assets/Sprites/Spritesheets/Defenders/Gravestone using Guid(e8169ba7cb19b44c881ce549f5d918d8) Importer(815301076,1909f56bfc062723c751e8b465ee728b)  -> (artifact id: '6622cc0be76836e4fe25df09dea4cee7') in 0.005703 seconds
  Import took 0.010329 seconds .

========================================================================
Received Import Request.
  Time since last request: 11.081811 seconds.
  path: Assets/Sprites/Spritesheets/Defenders/Gravestone/Gravestone.png
  artifactKey: Guid(745b5328c42194ff1a4ce0af601aa87c) Importer(815301076,1909f56bfc062723c751e8b465ee728b)
Start importing Assets/Sprites/Spritesheets/Defenders/Gravestone/Gravestone.png using Guid(745b5328c42194ff1a4ce0af601aa87c) Importer(815301076,1909f56bfc062723c751e8b465ee728b)  -> (artifact id: '036d20238891c43f09b3762badc7858b') in 0.560935 seconds
  Import took 0.564637 seconds .

========================================================================
Received Import Request.
  Time since last request: 41.089481 seconds.
  path: Assets/Animations/Defenders/Gravestone.controller
  artifactKey: Guid(c2ce276a4c3f44790a198a73b9947448) Importer(815301076,1909f56bfc062723c751e8b465ee728b)
Start importing Assets/Animations/Defenders/Gravestone.controller using Guid(c2ce276a4c3f44790a198a73b9947448) Importer(815301076,1909f56bfc062723c751e8b465ee728b)  -> (artifact id: 'e36dc5f39ad903e69bf3bc6b0b15f04e') in 0.409301 seconds
  Import took 0.413664 seconds .

========================================================================
Received Import Request.
  Time since last request: 74.859247 seconds.
  path: Assets/Sprites/Spritesheets/Defenders/Gravestone/Gravestone.png
  artifactKey: Guid(745b5328c42194ff1a4ce0af601aa87c) Importer(815301076,1909f56bfc062723c751e8b465ee728b)
Start importing Assets/Sprites/Spritesheets/Defenders/Gravestone/Gravestone.png using Guid(745b5328c42194ff1a4ce0af601aa87c) Importer(815301076,1909f56bfc062723c751e8b465ee728b)  -> (artifact id: 'df5495bf679afd4b287dbb757faa3d37') in 0.069460 seconds
  Import took 0.073822 seconds .

========================================================================
Received Import Request.
  Time since last request: 19.592733 seconds.
  path: Assets/Sprites/Spritesheets/Defenders/Gravestone/Gravestone.png
  artifactKey: Guid(745b5328c42194ff1a4ce0af601aa87c) Importer(815301076,1909f56bfc062723c751e8b465ee728b)
Start importing Assets/Sprites/Spritesheets/Defenders/Gravestone/Gravestone.png using Guid(745b5328c42194ff1a4ce0af601aa87c) Importer(815301076,1909f56bfc062723c751e8b465ee728b)  -> (artifact id: 'abbd3247bfc93642163a122e9b4342a5') in 0.016384 seconds
  Import took 0.021736 seconds .

========================================================================
Received Import Request.
  Time since last request: 23.905798 seconds.
  path: Assets/Sprites/Spritesheets/Defenders/Gravestone/Gravestone.png
  artifactKey: Guid(745b5328c42194ff1a4ce0af601aa87c) Importer(815301076,1909f56bfc062723c751e8b465ee728b)
Start importing Assets/Sprites/Spritesheets/Defenders/Gravestone/Gravestone.png using Guid(745b5328c42194ff1a4ce0af601aa87c) Importer(815301076,1909f56bfc062723c751e8b465ee728b)  -> (artifact id: '3c93c54ef4fb8947aff74d006a81a17a') in 0.021229 seconds
  Import took 0.026331 seconds .

========================================================================
Received Import Request.
  Time since last request: 5.090556 seconds.
  path: Assets/Sprites/Spritesheets/Defenders/Gravestone/Gravestone.png
  artifactKey: Guid(745b5328c42194ff1a4ce0af601aa87c) Importer(815301076,1909f56bfc062723c751e8b465ee728b)
Start importing Assets/Sprites/Spritesheets/Defenders/Gravestone/Gravestone.png using Guid(745b5328c42194ff1a4ce0af601aa87c) Importer(815301076,1909f56bfc062723c751e8b465ee728b)  -> (artifact id: '26d72b6cf6ee4f45b74d97d0c00b7f26') in 0.019050 seconds
  Import took 0.024074 seconds .

========================================================================
Received Import Request.
  Time since last request: 4.026795 seconds.
  path: Assets/Sprites/Spritesheets/Defenders/Gravestone/Gravestone.png
  artifactKey: Guid(745b5328c42194ff1a4ce0af601aa87c) Importer(815301076,1909f56bfc062723c751e8b465ee728b)
Start importing Assets/Sprites/Spritesheets/Defenders/Gravestone/Gravestone.png using Guid(745b5328c42194ff1a4ce0af601aa87c) Importer(815301076,1909f56bfc062723c751e8b465ee728b)  -> (artifact id: '4a3ee5aa701d1155a3e444ea66f568a0') in 0.018326 seconds
  Import took 0.023873 seconds .

========================================================================
Received Import Request.
  Time since last request: 46.585218 seconds.
  path: Assets/Sprites/Spritesheets/Defenders/Gravestone/Gravestone.png
  artifactKey: Guid(745b5328c42194ff1a4ce0af601aa87c) Importer(815301076,1909f56bfc062723c751e8b465ee728b)
Start importing Assets/Sprites/Spritesheets/Defenders/Gravestone/Gravestone.png using Guid(745b5328c42194ff1a4ce0af601aa87c) Importer(815301076,1909f56bfc062723c751e8b465ee728b)  -> (artifact id: 'ac019e2380c3985572821d91e7c14ff6') in 0.016280 seconds
  Import took 0.020845 seconds .

========================================================================
Received Import Request.
  Time since last request: 3.820982 seconds.
  path: Assets/Sprites/Spritesheets/Defenders/Gravestone/Gravestone.png
  artifactKey: Guid(745b5328c42194ff1a4ce0af601aa87c) Importer(815301076,1909f56bfc062723c751e8b465ee728b)
Start importing Assets/Sprites/Spritesheets/Defenders/Gravestone/Gravestone.png using Guid(745b5328c42194ff1a4ce0af601aa87c) Importer(815301076,1909f56bfc062723c751e8b465ee728b)  -> (artifact id: 'beefdc4fbe9bf1b4ec290bd574377098') in 0.015569 seconds
  Import took 0.021258 seconds .

========================================================================
Received Prepare
Registering precompiled user dll's ...
Registered in 0.001709 seconds.
Begin MonoManager ReloadAssembly
Native extension for OSXStandalone target not found
Native extension for WebGL target not found
Refreshing native plugins compatible for Editor in 0.44 ms, found 2 plugins.
Preloading 0 native plugins for Editor in 0.00 ms.
Invoked RoslynAnalysisRunner static constructor.
RoslynAnalysisRunner will not be running.
RoslynAnalysisRunner has terminated.
Mono: successfully reloaded assembly
- Completed reload, in  1.337 seconds
Platform modules already initialized, skipping
Refreshing native plugins compatible for Editor in 0.45 ms, found 2 plugins.
Preloading 0 native plugins for Editor in 0.00 ms.
Unloading 1827 Unused Serialized files (Serialized files now loaded: 0)
System memory in use before: 164.6 MB.
System memory in use after: 164.7 MB.

Unloading 12 unused Assets to reduce memory usage. Loaded Objects now: 2301.
Total: 2.782786 ms (FindLiveObjects: 0.373904 ms CreateObjectMapping: 0.105817 ms MarkObjects: 2.172244 ms  DeleteObjects: 0.128313 ms)

========================================================================
Received Import Request.
  Time since last request: 239.797742 seconds.
  path: Assets/Prefabs/Defenders/Gravestone.prefab
  artifactKey: Guid(10ec943e42aa84912a1b0961c3f29a2c) Importer(815301076,1909f56bfc062723c751e8b465ee728b)
Start importing Assets/Prefabs/Defenders/Gravestone.prefab using Guid(10ec943e42aa84912a1b0961c3f29a2c) Importer(815301076,1909f56bfc062723c751e8b465ee728b) The Animator Controller (Gravestone) you have used is not valid. Animations will not play
UnityEngine.StackTraceUtility:ExtractStackTrace () (at /Users/bokken/buildslave/unity/build/Runtime/Export/Scripting/StackTrace.cs:37)
UnityEditor.EditorUtility:Internal_InstantiateRemoveAllNonAnimationComponentsSingle (UnityEngine.Object,UnityEngine.Vector3,UnityEngine.Quaternion)
UnityEditor.EditorUtility:InstantiateRemoveAllNonAnimationComponents (UnityEngine.Object,UnityEngine.Vector3,UnityEngine.Quaternion) (at /Users/bokken/buildslave/unity/build/Editor/Mono/EditorUtility.cs:635)
UnityEditor.EditorUtility:InstantiateForAnimatorPreview (UnityEngine.Object) (at /Users/bokken/buildslave/unity/build/Editor/Mono/EditorUtility.cs:601)
UnityEditor.GameObjectInspector/PreviewData:UpdateGameObject (UnityEngine.Object) (at /Users/bokken/buildslave/unity/build/Editor/Mono/Inspector/GameObjectInspector.cs:97)
UnityEditor.GameObjectInspector/PreviewData:.ctor (UnityEngine.Object) (at /Users/bokken/buildslave/unity/build/Editor/Mono/Inspector/GameObjectInspector.cs:91)
UnityEditor.GameObjectInspector:GetPreviewData () (at /Users/bokken/buildslave/unity/build/Editor/Mono/Inspector/GameObjectInspector.cs:623)
UnityEditor.GameObjectInspector:RenderStaticPreview (string,UnityEngine.Object[],int,int) (at /Users/bokken/buildslave/unity/build/Editor/Mono/Inspector/GameObjectInspector.cs:868)
UnityEditor.AssetPreviewUpdater:CreatePreviewForAsset (UnityEngine.Object,UnityEngine.Object[],string) (at /Users/bokken/buildslave/unity/build/Editor/Mono/AssetPreviewUpdater.cs:33)

[/Users/bokken/buildslave/unity/build/Runtime/Export/Scripting/StackTrace.cs line 37]

The Animator Controller (Gravestone) you have used is not valid. Animations will not play
UnityEngine.StackTraceUtility:ExtractStackTrace () (at /Users/bokken/buildslave/unity/build/Runtime/Export/Scripting/StackTrace.cs:37)
UnityEditor.EditorUtility:InitInstantiatedPreviewRecursive (UnityEngine.GameObject) (at /Users/bokken/buildslave/unity/build/Editor/Mono/EditorUtility.cs:590)
UnityEditor.EditorUtility:InstantiateForAnimatorPreview (UnityEngine.Object) (at /Users/bokken/buildslave/unity/build/Editor/Mono/EditorUtility.cs:604)
UnityEditor.GameObjectInspector/PreviewData:UpdateGameObject (UnityEngine.Object) (at /Users/bokken/buildslave/unity/build/Editor/Mono/Inspector/GameObjectInspector.cs:97)
UnityEditor.GameObjectInspector/PreviewData:.ctor (UnityEngine.Object) (at /Users/bokken/buildslave/unity/build/Editor/Mono/Inspector/GameObjectInspector.cs:91)
UnityEditor.GameObjectInspector:GetPreviewData () (at /Users/bokken/buildslave/unity/build/Editor/Mono/Inspector/GameObjectInspector.cs:623)
UnityEditor.GameObjectInspector:RenderStaticPreview (string,UnityEngine.Object[],int,int) (at /Users/bokken/buildslave/unity/build/Editor/Mono/Inspector/GameObjectInspector.cs:868)
UnityEditor.AssetPreviewUpdater:CreatePreviewForAsset (UnityEngine.Object,UnityEngine.Object[],string) (at /Users/bokken/buildslave/unity/build/Editor/Mono/AssetPreviewUpdater.cs:33)

[/Users/bokken/buildslave/unity/build/Runtime/Export/Scripting/StackTrace.cs line 37]

 -> (artifact id: 'fb80c896d564f959946290cfa3744a7b') in 0.325306 seconds
  Import took 0.330111 seconds .

========================================================================
Received Prepare
Registering precompiled user dll's ...
Registered in 0.001859 seconds.
Begin MonoManager ReloadAssembly
Native extension for OSXStandalone target not found
Native extension for WebGL target not found
Refreshing native plugins compatible for Editor in 0.77 ms, found 2 plugins.
Preloading 0 native plugins for Editor in 0.00 ms.
Invoked RoslynAnalysisRunner static constructor.
RoslynAnalysisRunner will not be running.
RoslynAnalysisRunner has terminated.
Mono: successfully reloaded assembly
- Completed reload, in  1.354 seconds
Platform modules already initialized, skipping
Refreshing native plugins compatible for Editor in 0.47 ms, found 2 plugins.
Preloading 0 native plugins for Editor in 0.00 ms.
Unloading 1827 Unused Serialized files (Serialized files now loaded: 0)
System memory in use before: 170.1 MB.
System memory in use after: 170.1 MB.

Unloading 12 unused Assets to reduce memory usage. Loaded Objects now: 2309.
Total: 2.795973 ms (FindLiveObjects: 0.294658 ms CreateObjectMapping: 0.162186 ms MarkObjects: 2.210870 ms  DeleteObjects: 0.126853 ms)

========================================================================
Received Prepare
Registering precompiled user dll's ...
Registered in 0.001981 seconds.
Begin MonoManager ReloadAssembly
Native extension for OSXStandalone target not found
Native extension for WebGL target not found
Refreshing native plugins compatible for Editor in 0.60 ms, found 2 plugins.
Preloading 0 native plugins for Editor in 0.00 ms.
Invoked RoslynAnalysisRunner static constructor.
RoslynAnalysisRunner will not be running.
RoslynAnalysisRunner has terminated.
Mono: successfully reloaded assembly
- Completed reload, in  1.362 seconds
Platform modules already initialized, skipping
Refreshing native plugins compatible for Editor in 0.46 ms, found 2 plugins.
Preloading 0 native plugins for Editor in 0.00 ms.
Unloading 1827 Unused Serialized files (Serialized files now loaded: 0)
System memory in use before: 170.5 MB.
System memory in use after: 170.5 MB.

Unloading 12 unused Assets to reduce memory usage. Loaded Objects now: 2312.
Total: 3.377715 ms (FindLiveObjects: 0.429490 ms CreateObjectMapping: 0.265651 ms MarkObjects: 2.502453 ms  DeleteObjects: 0.177265 ms)

========================================================================
Received Import Request.
  Time since last request: 615.118860 seconds.
  path: Assets/Sprites/Spritesheets/Attackers/Lizard/Lizard Attacking.png
  artifactKey: Guid(2d7484f94183f48498f877c147a6e576) Importer(815301076,1909f56bfc062723c751e8b465ee728b)
Start importing Assets/Sprites/Spritesheets/Attackers/Lizard/Lizard Attacking.png using Guid(2d7484f94183f48498f877c147a6e576) Importer(815301076,1909f56bfc062723c751e8b465ee728b)  -> (artifact id: '9fd417cdc0bc823f55e77c0fae20fa2b') in 0.256409 seconds
  Import took 0.263561 seconds .

========================================================================
Received Import Request.
  Time since last request: 12.614172 seconds.
  path: Assets/Sprites/Spritesheets/Attackers/Lizard/Lizard Attacking.png
  artifactKey: Guid(2d7484f94183f48498f877c147a6e576) Importer(815301076,1909f56bfc062723c751e8b465ee728b)
Start importing Assets/Sprites/Spritesheets/Attackers/Lizard/Lizard Attacking.png using Guid(2d7484f94183f48498f877c147a6e576) Importer(815301076,1909f56bfc062723c751e8b465ee728b)  -> (artifact id: 'add497da3fefa6305ccec519b448c81a') in 0.095066 seconds
  Import took 0.102400 seconds .

========================================================================
Received Import Request.
  Time since last request: 65.836617 seconds.
  path: Assets/Sprites/Spritesheets/Attackers/Lizard/Lizard Attacking.png
  artifactKey: Guid(2d7484f94183f48498f877c147a6e576) Importer(815301076,1909f56bfc062723c751e8b465ee728b)
Start importing Assets/Sprites/Spritesheets/Attackers/Lizard/Lizard Attacking.png using Guid(2d7484f94183f48498f877c147a6e576) Importer(815301076,1909f56bfc062723c751e8b465ee728b)  -> (artifact id: '6cd2924567bd024f66eb9dc3e8194ef0') in 0.597151 seconds
  Import took 0.605009 seconds .

========================================================================
Received Prepare
Registering precompiled user dll's ...
Registered in 0.001129 seconds.
Begin MonoManager ReloadAssembly
Native extension for OSXStandalone target not found
Native extension for WebGL target not found
Refreshing native plugins compatible for Editor in 0.46 ms, found 2 plugins.
Preloading 0 native plugins for Editor in 0.00 ms.
Invoked RoslynAnalysisRunner static constructor.
RoslynAnalysisRunner will not be running.
RoslynAnalysisRunner has terminated.
Mono: successfully reloaded assembly
- Completed reload, in  1.244 seconds
Platform modules already initialized, skipping
Refreshing native plugins compatible for Editor in 0.45 ms, found 2 plugins.
Preloading 0 native plugins for Editor in 0.00 ms.
Unloading 1827 Unused Serialized files (Serialized files now loaded: 0)
System memory in use before: 171.3 MB.
System memory in use after: 171.3 MB.

Unloading 12 unused Assets to reduce memory usage. Loaded Objects now: 2320.
Total: 2.497892 ms (FindLiveObjects: 0.225322 ms CreateObjectMapping: 0.071990 ms MarkObjects: 2.055164 ms  DeleteObjects: 0.143928 ms)

========================================================================
Received Import Request.
  Time since last request: 522.916827 seconds.
  path: Assets/Animations/Attackers/Lizard_Jump.anim
  artifactKey: Guid(be5dc083ea2a0417584c5f8eebc2ed55) Importer(815301076,1909f56bfc062723c751e8b465ee728b)
Start importing Assets/Animations/Attackers/Lizard_Jump.anim using Guid(be5dc083ea2a0417584c5f8eebc2ed55) Importer(815301076,1909f56bfc062723c751e8b465ee728b)  -> (artifact id: 'da4face0e48fbc0b43b4ec596e8722b5') in 0.205100 seconds
  Import took 0.210254 seconds .

========================================================================
Received Import Request.
  Time since last request: 1.179564 seconds.
  path: Assets/Animations/Attackers/Lizard_Walking.anim
  artifactKey: Guid(ea22e230ad13049f4b05a27034e0e4ee) Importer(815301076,1909f56bfc062723c751e8b465ee728b)
Start importing Assets/Animations/Attackers/Lizard_Walking.anim using Guid(ea22e230ad13049f4b05a27034e0e4ee) Importer(815301076,1909f56bfc062723c751e8b465ee728b)  -> (artifact id: 'cc9f8cbb95a1200f1ad2706dc8e91a7f') in 0.007859 seconds
  Import took 0.013314 seconds .

========================================================================
Received Prepare
Registering precompiled user dll's ...
Registered in 0.002934 seconds.
Begin MonoManager ReloadAssembly
Native extension for OSXStandalone target not found
Native extension for WebGL target not found
Refreshing native plugins compatible for Editor in 0.45 ms, found 2 plugins.
Preloading 0 native plugins for Editor in 0.00 ms.
Invoked RoslynAnalysisRunner static constructor.
RoslynAnalysisRunner will not be running.
RoslynAnalysisRunner has terminated.
Mono: successfully reloaded assembly
- Completed reload, in  1.249 seconds
Platform modules already initialized, skipping
Refreshing native plugins compatible for Editor in 0.46 ms, found 2 plugins.
Preloading 0 native plugins for Editor in 0.00 ms.
Unloading 1827 Unused Serialized files (Serialized files now loaded: 0)
System memory in use before: 175.3 MB.
System memory in use after: 175.3 MB.

Unloading 12 unused Assets to reduce memory usage. Loaded Objects now: 2323.
Total: 2.458451 ms (FindLiveObjects: 0.240996 ms CreateObjectMapping: 0.081257 ms MarkObjects: 2.003848 ms  DeleteObjects: 0.130985 ms)

========================================================================
Received Prepare
Registering precompiled user dll's ...
Registered in 0.001122 seconds.
Begin MonoManager ReloadAssembly
Native extension for OSXStandalone target not found
Native extension for WebGL target not found
Refreshing native plugins compatible for Editor in 0.44 ms, found 2 plugins.
Preloading 0 native plugins for Editor in 0.00 ms.
Invoked RoslynAnalysisRunner static constructor.
RoslynAnalysisRunner will not be running.
RoslynAnalysisRunner has terminated.
Mono: successfully reloaded assembly
- Completed reload, in  1.227 seconds
Platform modules already initialized, skipping
Refreshing native plugins compatible for Editor in 0.46 ms, found 2 plugins.
Preloading 0 native plugins for Editor in 0.00 ms.
Unloading 1827 Unused Serialized files (Serialized files now loaded: 0)
System memory in use before: 175.8 MB.
System memory in use after: 175.8 MB.

Unloading 12 unused Assets to reduce memory usage. Loaded Objects now: 2326.
Total: 2.767645 ms (FindLiveObjects: 0.408385 ms CreateObjectMapping: 0.134196 ms MarkObjects: 1.997307 ms  DeleteObjects: 0.226137 ms)

========================================================================
Received Prepare
Registering precompiled user dll's ...
Registered in 0.001372 seconds.
Begin MonoManager ReloadAssembly
Native extension for OSXStandalone target not found
Native extension for WebGL target not found
Refreshing native plugins compatible for Editor in 0.44 ms, found 2 plugins.
Preloading 0 native plugins for Editor in 0.00 ms.
Invoked RoslynAnalysisRunner static constructor.
RoslynAnalysisRunner will not be running.
RoslynAnalysisRunner has terminated.
Mono: successfully reloaded assembly
- Completed reload, in  1.301 seconds
Platform modules already initialized, skipping
Refreshing native plugins compatible for Editor in 0.46 ms, found 2 plugins.
Preloading 0 native plugins for Editor in 0.00 ms.
Unloading 1827 Unused Serialized files (Serialized files now loaded: 0)
System memory in use before: 175.9 MB.
System memory in use after: 175.9 MB.

Unloading 12 unused Assets to reduce memory usage. Loaded Objects now: 2329.
Total: 3.502165 ms (FindLiveObjects: 0.463339 ms CreateObjectMapping: 0.175306 ms MarkObjects: 2.687518 ms  DeleteObjects: 0.172876 ms)

========================================================================
Received Prepare
Registering precompiled user dll's ...
Registered in 0.001613 seconds.
Begin MonoManager ReloadAssembly
Native extension for OSXStandalone target not found
Native extension for WebGL target not found
Refreshing native plugins compatible for Editor in 0.46 ms, found 2 plugins.
Preloading 0 native plugins for Editor in 0.00 ms.
Invoked RoslynAnalysisRunner static constructor.
RoslynAnalysisRunner will not be running.
RoslynAnalysisRunner has terminated.
Mono: successfully reloaded assembly
- Completed reload, in  1.345 seconds
Platform modules already initialized, skipping
Refreshing native plugins compatible for Editor in 0.46 ms, found 2 plugins.
Preloading 0 native plugins for Editor in 0.00 ms.
Unloading 1827 Unused Serialized files (Serialized files now loaded: 0)
System memory in use before: 176.2 MB.
System memory in use after: 176.2 MB.

Unloading 12 unused Assets to reduce memory usage. Loaded Objects now: 2332.
Total: 2.586992 ms (FindLiveObjects: 0.336288 ms CreateObjectMapping: 0.070941 ms MarkObjects: 2.040324 ms  DeleteObjects: 0.137054 ms)

========================================================================
Received Import Request.
  Time since last request: 672.286423 seconds.
  path: Assets/Animations/Attackers/Lizard.controller
  artifactKey: Guid(55463ae5560bf40c8ba918dbc733a0ca) Importer(815301076,1909f56bfc062723c751e8b465ee728b)
Start importing Assets/Animations/Attackers/Lizard.controller using Guid(55463ae5560bf40c8ba918dbc733a0ca) Importer(815301076,1909f56bfc062723c751e8b465ee728b)  -> (artifact id: 'ac8def1d01d2f69faccedcf725629b6b') in 0.028760 seconds
  Import took 0.033540 seconds .

========================================================================
Received Import Request.
  Time since last request: 502.736928 seconds.
  path: Assets/Scripts/Lizard.cs
  artifactKey: Guid(b0a34b99df7ab44a18d0b54aad3f4066) Importer(815301076,1909f56bfc062723c751e8b465ee728b)
Start importing Assets/Scripts/Lizard.cs using Guid(b0a34b99df7ab44a18d0b54aad3f4066) Importer(815301076,1909f56bfc062723c751e8b465ee728b)  -> (artifact id: '5493011c2d142f816e0fabcfd1ac9db1') in 0.513680 seconds
  Import took 0.519080 seconds .

========================================================================
Received Prepare
Registering precompiled user dll's ...
Registered in 0.001182 seconds.
Begin MonoManager ReloadAssembly
Native extension for OSXStandalone target not found
Native extension for WebGL target not found
Refreshing native plugins compatible for Editor in 0.46 ms, found 2 plugins.
Preloading 0 native plugins for Editor in 0.00 ms.
Invoked RoslynAnalysisRunner static constructor.
RoslynAnalysisRunner will not be running.
RoslynAnalysisRunner has terminated.
Mono: successfully reloaded assembly
- Completed reload, in  1.365 seconds
Platform modules already initialized, skipping
Refreshing native plugins compatible for Editor in 0.47 ms, found 2 plugins.
Preloading 0 native plugins for Editor in 0.00 ms.
Unloading 1828 Unused Serialized files (Serialized files now loaded: 0)
System memory in use before: 180.7 MB.
System memory in use after: 180.7 MB.

Unloading 12 unused Assets to reduce memory usage. Loaded Objects now: 2336.
Total: 2.814568 ms (FindLiveObjects: 0.333335 ms CreateObjectMapping: 0.163932 ms MarkObjects: 2.157650 ms  DeleteObjects: 0.157625 ms)

========================================================================
Received Prepare
Registering precompiled user dll's ...
Registered in 0.001103 seconds.
Begin MonoManager ReloadAssembly
Native extension for OSXStandalone target not found
Native extension for WebGL target not found
Refreshing native plugins compatible for Editor in 0.52 ms, found 2 plugins.
Preloading 0 native plugins for Editor in 0.00 ms.
Invoked RoslynAnalysisRunner static constructor.
RoslynAnalysisRunner will not be running.
RoslynAnalysisRunner has terminated.
Mono: successfully reloaded assembly
- Completed reload, in  1.282 seconds
Platform modules already initialized, skipping
Refreshing native plugins compatible for Editor in 0.46 ms, found 2 plugins.
Preloading 0 native plugins for Editor in 0.00 ms.
Unloading 1828 Unused Serialized files (Serialized files now loaded: 0)
System memory in use before: 180.5 MB.
System memory in use after: 180.5 MB.

Unloading 12 unused Assets to reduce memory usage. Loaded Objects now: 2339.
Total: 3.216809 ms (FindLiveObjects: 0.398382 ms CreateObjectMapping: 0.132105 ms MarkObjects: 2.507488 ms  DeleteObjects: 0.176563 ms)

========================================================================
Received Import Request.
  Time since last request: 182.897537 seconds.
  path: Assets/Scripts/Lizard.cs
  artifactKey: Guid(b0a34b99df7ab44a18d0b54aad3f4066) Importer(815301076,1909f56bfc062723c751e8b465ee728b)
Start importing Assets/Scripts/Lizard.cs using Guid(b0a34b99df7ab44a18d0b54aad3f4066) Importer(815301076,1909f56bfc062723c751e8b465ee728b)  -> (artifact id: 'b2ed9a6dbe41a4e25fa07ff166aacd5e') in 0.014156 seconds
  Import took 0.019234 seconds .

========================================================================
Received Import Request.
  Time since last request: 0.017071 seconds.
  path: Assets/Scripts/Lizard.cs
  artifactKey: Guid(b0a34b99df7ab44a18d0b54aad3f4066) Importer(815301076,1909f56bfc062723c751e8b465ee728b)
Start importing Assets/Scripts/Lizard.cs using Guid(b0a34b99df7ab44a18d0b54aad3f4066) Importer(815301076,1909f56bfc062723c751e8b465ee728b)  -> (artifact id: 'b2ed9a6dbe41a4e25fa07ff166aacd5e') in 0.002103 seconds
  Import took 0.006367 seconds .

========================================================================
Received Prepare
Registering precompiled user dll's ...
Registered in 0.000847 seconds.
Begin MonoManager ReloadAssembly
Native extension for OSXStandalone target not found
Native extension for WebGL target not found
Refreshing native plugins compatible for Editor in 0.47 ms, found 2 plugins.
Preloading 0 native plugins for Editor in 0.00 ms.
Invoked RoslynAnalysisRunner static constructor.
RoslynAnalysisRunner will not be running.
RoslynAnalysisRunner has terminated.
Mono: successfully reloaded assembly
- Completed reload, in  1.337 seconds
Platform modules already initialized, skipping
Refreshing native plugins compatible for Editor in 0.46 ms, found 2 plugins.
Preloading 0 native plugins for Editor in 0.00 ms.
Unloading 1828 Unused Serialized files (Serialized files now loaded: 0)
System memory in use before: 181.1 MB.
System memory in use after: 181.1 MB.

Unloading 12 unused Assets to reduce memory usage. Loaded Objects now: 2342.
Total: 2.456064 ms (FindLiveObjects: 0.327932 ms CreateObjectMapping: 0.074102 ms MarkObjects: 1.910842 ms  DeleteObjects: 0.141266 ms)

========================================================================
Received Import Request.
  Time since last request: 122.674750 seconds.
  path: Assets/Scripts/Lizard.cs
  artifactKey: Guid(b0a34b99df7ab44a18d0b54aad3f4066) Importer(815301076,1909f56bfc062723c751e8b465ee728b)
Start importing Assets/Scripts/Lizard.cs using Guid(b0a34b99df7ab44a18d0b54aad3f4066) Importer(815301076,1909f56bfc062723c751e8b465ee728b)  -> (artifact id: 'd43df64960b307808ac2adae4b765aed') in 0.007036 seconds
  Import took 0.012151 seconds .

========================================================================
Received Import Request.
  Time since last request: 0.023340 seconds.
  path: Assets/Scripts/Lizard.cs
  artifactKey: Guid(b0a34b99df7ab44a18d0b54aad3f4066) Importer(815301076,1909f56bfc062723c751e8b465ee728b)
Start importing Assets/Scripts/Lizard.cs using Guid(b0a34b99df7ab44a18d0b54aad3f4066) Importer(815301076,1909f56bfc062723c751e8b465ee728b)  -> (artifact id: 'd43df64960b307808ac2adae4b765aed') in 0.002574 seconds
  Import took 0.006457 seconds .

========================================================================
Received Prepare
Registering precompiled user dll's ...
Registered in 0.001453 seconds.
Begin MonoManager ReloadAssembly
Native extension for OSXStandalone target not found
Native extension for WebGL target not found
Refreshing native plugins compatible for Editor in 0.45 ms, found 2 plugins.
Preloading 0 native plugins for Editor in 0.00 ms.
Invoked RoslynAnalysisRunner static constructor.
RoslynAnalysisRunner will not be running.
RoslynAnalysisRunner has terminated.
Mono: successfully reloaded assembly
- Completed reload, in  1.329 seconds
Platform modules already initialized, skipping
Refreshing native plugins compatible for Editor in 0.49 ms, found 2 plugins.
Preloading 0 native plugins for Editor in 0.00 ms.
Unloading 1828 Unused Serialized files (Serialized files now loaded: 0)
System memory in use before: 181.1 MB.
System memory in use after: 181.1 MB.

Unloading 12 unused Assets to reduce memory usage. Loaded Objects now: 2345.
Total: 2.477816 ms (FindLiveObjects: 0.218480 ms CreateObjectMapping: 0.070719 ms MarkObjects: 1.959316 ms  DeleteObjects: 0.227418 ms)

========================================================================
Received Prepare
Registering precompiled user dll's ...
Registered in 0.001584 seconds.
Begin MonoManager ReloadAssembly
Native extension for OSXStandalone target not found
Native extension for WebGL target not found
Refreshing native plugins compatible for Editor in 0.44 ms, found 2 plugins.
Preloading 0 native plugins for Editor in 0.00 ms.
Invoked RoslynAnalysisRunner static constructor.
RoslynAnalysisRunner will not be running.
RoslynAnalysisRunner has terminated.
Mono: successfully reloaded assembly
- Completed reload, in  1.275 seconds
Platform modules already initialized, skipping
Refreshing native plugins compatible for Editor in 0.46 ms, found 2 plugins.
Preloading 0 native plugins for Editor in 0.00 ms.
Unloading 1828 Unused Serialized files (Serialized files now loaded: 0)
System memory in use before: 181.5 MB.
System memory in use after: 181.5 MB.

Unloading 12 unused Assets to reduce memory usage. Loaded Objects now: 2348.
Total: 4.131783 ms (FindLiveObjects: 0.823111 ms CreateObjectMapping: 0.236908 ms MarkObjects: 2.911504 ms  DeleteObjects: 0.157752 ms)

========================================================================
Received Prepare
Registering precompiled user dll's ...
Registered in 0.000740 seconds.
Begin MonoManager ReloadAssembly
Native extension for OSXStandalone target not found
Native extension for WebGL target not found
Refreshing native plugins compatible for Editor in 0.44 ms, found 2 plugins.
Preloading 0 native plugins for Editor in 0.00 ms.
Invoked RoslynAnalysisRunner static constructor.
RoslynAnalysisRunner will not be running.
RoslynAnalysisRunner has terminated.
Mono: successfully reloaded assembly
- Completed reload, in  1.236 seconds
Platform modules already initialized, skipping
Refreshing native plugins compatible for Editor in 0.45 ms, found 2 plugins.
Preloading 0 native plugins for Editor in 0.00 ms.
Unloading 1828 Unused Serialized files (Serialized files now loaded: 0)
System memory in use before: 181.7 MB.
System memory in use after: 181.7 MB.

Unloading 12 unused Assets to reduce memory usage. Loaded Objects now: 2351.
Total: 2.474734 ms (FindLiveObjects: 0.311595 ms CreateObjectMapping: 0.083296 ms MarkObjects: 1.928398 ms  DeleteObjects: 0.149723 ms)

========================================================================
Received Import Request.
  Time since last request: 568.803034 seconds.
  path: Assets/Scripts/Attacker.cs
  artifactKey: Guid(715960a0643834d53a649e2dd924438a) Importer(815301076,1909f56bfc062723c751e8b465ee728b)
Start importing Assets/Scripts/Attacker.cs using Guid(715960a0643834d53a649e2dd924438a) Importer(815301076,1909f56bfc062723c751e8b465ee728b)  -> (artifact id: '2a4d7f4e4a6f72d6d5511c1ea70b0f05') in 0.007796 seconds
  Import took 0.012824 seconds .

========================================================================
Received Prepare
Registering precompiled user dll's ...
Registered in 0.001419 seconds.
Begin MonoManager ReloadAssembly
Native extension for OSXStandalone target not found
Native extension for WebGL target not found
Refreshing native plugins compatible for Editor in 0.45 ms, found 2 plugins.
Preloading 0 native plugins for Editor in 0.00 ms.
Invoked RoslynAnalysisRunner static constructor.
RoslynAnalysisRunner will not be running.
RoslynAnalysisRunner has terminated.
Mono: successfully reloaded assembly
- Completed reload, in  1.219 seconds
Platform modules already initialized, skipping
Refreshing native plugins compatible for Editor in 0.45 ms, found 2 plugins.
Preloading 0 native plugins for Editor in 0.00 ms.
Unloading 1828 Unused Serialized files (Serialized files now loaded: 0)
System memory in use before: 181.5 MB.
System memory in use after: 181.5 MB.

Unloading 12 unused Assets to reduce memory usage. Loaded Objects now: 2354.
Total: 2.424608 ms (FindLiveObjects: 0.282034 ms CreateObjectMapping: 0.079926 ms MarkObjects: 1.912557 ms  DeleteObjects: 0.148321 ms)

========================================================================
Received Prepare
Registering precompiled user dll's ...
Registered in 0.000711 seconds.
Begin MonoManager ReloadAssembly
Native extension for OSXStandalone target not found
Native extension for WebGL target not found
Refreshing native plugins compatible for Editor in 0.56 ms, found 2 plugins.
Preloading 0 native plugins for Editor in 0.00 ms.
Invoked RoslynAnalysisRunner static constructor.
RoslynAnalysisRunner will not be running.
RoslynAnalysisRunner has terminated.
Mono: successfully reloaded assembly
- Completed reload, in  1.264 seconds
Platform modules already initialized, skipping
Refreshing native plugins compatible for Editor in 0.44 ms, found 2 plugins.
Preloading 0 native plugins for Editor in 0.00 ms.
Unloading 1828 Unused Serialized files (Serialized files now loaded: 0)
System memory in use before: 182.0 MB.
System memory in use after: 182.0 MB.

Unloading 12 unused Assets to reduce memory usage. Loaded Objects now: 2357.
Total: 2.418506 ms (FindLiveObjects: 0.243215 ms CreateObjectMapping: 0.071517 ms MarkObjects: 1.947136 ms  DeleteObjects: 0.154751 ms)

========================================================================
Received Prepare
Registering precompiled user dll's ...
Registered in 0.000705 seconds.
Begin MonoManager ReloadAssembly
Native extension for OSXStandalone target not found
Native extension for WebGL target not found
Refreshing native plugins compatible for Editor in 0.43 ms, found 2 plugins.
Preloading 0 native plugins for Editor in 0.00 ms.
Invoked RoslynAnalysisRunner static constructor.
RoslynAnalysisRunner will not be running.
RoslynAnalysisRunner has terminated.
Mono: successfully reloaded assembly
- Completed reload, in  1.273 seconds
Platform modules already initialized, skipping
Refreshing native plugins compatible for Editor in 0.50 ms, found 2 plugins.
Preloading 0 native plugins for Editor in 0.00 ms.
Unloading 1828 Unused Serialized files (Serialized files now loaded: 0)
System memory in use before: 182.1 MB.
System memory in use after: 182.1 MB.

Unloading 12 unused Assets to reduce memory usage. Loaded Objects now: 2360.
Total: 3.317378 ms (FindLiveObjects: 0.297180 ms CreateObjectMapping: 0.109774 ms MarkObjects: 2.723959 ms  DeleteObjects: 0.184180 ms)

========================================================================
Received Prepare
Registering precompiled user dll's ...
Registered in 0.001070 seconds.
Begin MonoManager ReloadAssembly
Native extension for OSXStandalone target not found
Native extension for WebGL target not found
Refreshing native plugins compatible for Editor in 0.45 ms, found 2 plugins.
Preloading 0 native plugins for Editor in 0.00 ms.
Invoked RoslynAnalysisRunner static constructor.
RoslynAnalysisRunner will not be running.
RoslynAnalysisRunner has terminated.
Mono: successfully reloaded assembly
- Completed reload, in  1.272 seconds
Platform modules already initialized, skipping
Refreshing native plugins compatible for Editor in 0.45 ms, found 2 plugins.
Preloading 0 native plugins for Editor in 0.00 ms.
Unloading 1828 Unused Serialized files (Serialized files now loaded: 0)
System memory in use before: 182.4 MB.
System memory in use after: 182.4 MB.

Unloading 12 unused Assets to reduce memory usage. Loaded Objects now: 2363.
Total: 2.489599 ms (FindLiveObjects: 0.341919 ms CreateObjectMapping: 0.079448 ms MarkObjects: 1.912604 ms  DeleteObjects: 0.153293 ms)

========================================================================
Received Prepare
Registering precompiled user dll's ...
Registered in 0.000765 seconds.
Begin MonoManager ReloadAssembly
Native extension for OSXStandalone target not found
Native extension for WebGL target not found
Refreshing native plugins compatible for Editor in 0.44 ms, found 2 plugins.
Preloading 0 native plugins for Editor in 0.00 ms.
Invoked RoslynAnalysisRunner static constructor.
RoslynAnalysisRunner will not be running.
RoslynAnalysisRunner has terminated.
Mono: successfully reloaded assembly
- Completed reload, in  1.246 seconds
Platform modules already initialized, skipping
Refreshing native plugins compatible for Editor in 0.46 ms, found 2 plugins.
Preloading 0 native plugins for Editor in 0.00 ms.
Unloading 1828 Unused Serialized files (Serialized files now loaded: 0)
System memory in use before: 182.6 MB.
System memory in use after: 182.6 MB.

Unloading 12 unused Assets to reduce memory usage. Loaded Objects now: 2366.
Total: 3.442619 ms (FindLiveObjects: 0.409059 ms CreateObjectMapping: 0.141836 ms MarkObjects: 2.669719 ms  DeleteObjects: 0.218950 ms)

========================================================================
Received Prepare
Registering precompiled user dll's ...
Registered in 0.000725 seconds.
Begin MonoManager ReloadAssembly
Native extension for OSXStandalone target not found
Native extension for WebGL target not found
Refreshing native plugins compatible for Editor in 0.57 ms, found 2 plugins.
Preloading 0 native plugins for Editor in 0.00 ms.
Invoked RoslynAnalysisRunner static constructor.
RoslynAnalysisRunner will not be running.
RoslynAnalysisRunner has terminated.
Mono: successfully reloaded assembly
- Completed reload, in  1.272 seconds
Platform modules already initialized, skipping
Refreshing native plugins compatible for Editor in 0.45 ms, found 2 plugins.
Preloading 0 native plugins for Editor in 0.00 ms.
Unloading 1828 Unused Serialized files (Serialized files now loaded: 0)
System memory in use before: 182.5 MB.
System memory in use after: 182.5 MB.

Unloading 12 unused Assets to reduce memory usage. Loaded Objects now: 2369.
Total: 2.390482 ms (FindLiveObjects: 0.313037 ms CreateObjectMapping: 0.085986 ms MarkObjects: 1.839956 ms  DeleteObjects: 0.149039 ms)

========================================================================
Received Prepare
Registering precompiled user dll's ...
Registered in 0.002652 seconds.
Begin MonoManager ReloadAssembly
Native extension for OSXStandalone target not found
Native extension for WebGL target not found
Refreshing native plugins compatible for Editor in 0.45 ms, found 2 plugins.
Preloading 0 native plugins for Editor in 0.00 ms.
Invoked RoslynAnalysisRunner static constructor.
RoslynAnalysisRunner will not be running.
RoslynAnalysisRunner has terminated.
Mono: successfully reloaded assembly
- Completed reload, in  1.285 seconds
Platform modules already initialized, skipping
Refreshing native plugins compatible for Editor in 0.46 ms, found 2 plugins.
Preloading 0 native plugins for Editor in 0.00 ms.
Unloading 1828 Unused Serialized files (Serialized files now loaded: 0)
System memory in use before: 183.0 MB.
System memory in use after: 183.0 MB.

Unloading 12 unused Assets to reduce memory usage. Loaded Objects now: 2372.
Total: 2.468686 ms (FindLiveObjects: 0.274958 ms CreateObjectMapping: 0.073999 ms MarkObjects: 1.980158 ms  DeleteObjects: 0.137865 ms)

========================================================================
Received Prepare
Registering precompiled user dll's ...
Registered in 0.000886 seconds.
Begin MonoManager ReloadAssembly
Native extension for OSXStandalone target not found
Native extension for WebGL target not found
Refreshing native plugins compatible for Editor in 0.46 ms, found 2 plugins.
Preloading 0 native plugins for Editor in 0.00 ms.
Invoked RoslynAnalysisRunner static constructor.
RoslynAnalysisRunner will not be running.
RoslynAnalysisRunner has terminated.
Mono: successfully reloaded assembly
- Completed reload, in  1.268 seconds
Platform modules already initialized, skipping
Refreshing native plugins compatible for Editor in 0.46 ms, found 2 plugins.
Preloading 0 native plugins for Editor in 0.00 ms.
Unloading 1828 Unused Serialized files (Serialized files now loaded: 0)
System memory in use before: 183.1 MB.
System memory in use after: 183.1 MB.

Unloading 12 unused Assets to reduce memory usage. Loaded Objects now: 2375.
Total: 2.501605 ms (FindLiveObjects: 0.365061 ms CreateObjectMapping: 0.087970 ms MarkObjects: 1.895061 ms  DeleteObjects: 0.151179 ms)

========================================================================
Received Prepare
Registering precompiled user dll's ...
Registered in 0.001655 seconds.
Begin MonoManager ReloadAssembly
Native extension for OSXStandalone target not found
Native extension for WebGL target not found
Refreshing native plugins compatible for Editor in 0.46 ms, found 2 plugins.
Preloading 0 native plugins for Editor in 0.00 ms.
Invoked RoslynAnalysisRunner static constructor.
RoslynAnalysisRunner will not be running.
RoslynAnalysisRunner has terminated.
Mono: successfully reloaded assembly
- Completed reload, in  1.315 seconds
Platform modules already initialized, skipping
Refreshing native plugins compatible for Editor in 0.47 ms, found 2 plugins.
Preloading 0 native plugins for Editor in 0.00 ms.
Unloading 1828 Unused Serialized files (Serialized files now loaded: 0)
System memory in use before: 183.4 MB.
System memory in use after: 183.4 MB.

Unloading 12 unused Assets to reduce memory usage. Loaded Objects now: 2378.
Total: 2.538954 ms (FindLiveObjects: 0.364814 ms CreateObjectMapping: 0.097054 ms MarkObjects: 1.914578 ms  DeleteObjects: 0.160200 ms)

========================================================================
Received Prepare
Registering precompiled user dll's ...
Registered in 0.002204 seconds.
Begin MonoManager ReloadAssembly
Native extension for OSXStandalone target not found
Native extension for WebGL target not found
Refreshing native plugins compatible for Editor in 0.47 ms, found 2 plugins.
Preloading 0 native plugins for Editor in 0.00 ms.
Invoked RoslynAnalysisRunner static constructor.
RoslynAnalysisRunner will not be running.
RoslynAnalysisRunner has terminated.
Mono: successfully reloaded assembly
- Completed reload, in  1.322 seconds
Platform modules already initialized, skipping
Refreshing native plugins compatible for Editor in 0.47 ms, found 2 plugins.
Preloading 0 native plugins for Editor in 0.00 ms.
Unloading 1828 Unused Serialized files (Serialized files now loaded: 0)
System memory in use before: 183.6 MB.
System memory in use after: 183.6 MB.

Unloading 12 unused Assets to reduce memory usage. Loaded Objects now: 2381.
Total: 2.618918 ms (FindLiveObjects: 0.383983 ms CreateObjectMapping: 0.077898 ms MarkObjects: 1.977835 ms  DeleteObjects: 0.177043 ms)

========================================================================
Received Prepare
Registering precompiled user dll's ...
Registered in 0.001960 seconds.
Begin MonoManager ReloadAssembly
Native extension for OSXStandalone target not found
Native extension for WebGL target not found
Refreshing native plugins compatible for Editor in 0.45 ms, found 2 plugins.
Preloading 0 native plugins for Editor in 0.00 ms.
Invoked RoslynAnalysisRunner static constructor.
RoslynAnalysisRunner will not be running.
RoslynAnalysisRunner has terminated.
Mono: successfully reloaded assembly
- Completed reload, in  1.369 seconds
Platform modules already initialized, skipping
Refreshing native plugins compatible for Editor in 0.45 ms, found 2 plugins.
Preloading 0 native plugins for Editor in 0.00 ms.
Unloading 1828 Unused Serialized files (Serialized files now loaded: 0)
System memory in use before: 183.5 MB.
System memory in use after: 183.5 MB.

Unloading 12 unused Assets to reduce memory usage. Loaded Objects now: 2384.
Total: 2.497701 ms (FindLiveObjects: 0.235982 ms CreateObjectMapping: 0.073049 ms MarkObjects: 2.047959 ms  DeleteObjects: 0.139160 ms)

========================================================================
Received Prepare
Registering precompiled user dll's ...
Registered in 0.000780 seconds.
Begin MonoManager ReloadAssembly
Native extension for OSXStandalone target not found
Native extension for WebGL target not found
Refreshing native plugins compatible for Editor in 0.45 ms, found 2 plugins.
Preloading 0 native plugins for Editor in 0.00 ms.
Invoked RoslynAnalysisRunner static constructor.
RoslynAnalysisRunner will not be running.
RoslynAnalysisRunner has terminated.
Mono: successfully reloaded assembly
- Completed reload, in  1.306 seconds
Platform modules already initialized, skipping
Refreshing native plugins compatible for Editor in 0.45 ms, found 2 plugins.
Preloading 0 native plugins for Editor in 0.00 ms.
Unloading 1828 Unused Serialized files (Serialized files now loaded: 0)
System memory in use before: 184.0 MB.
System memory in use after: 184.0 MB.

Unloading 12 unused Assets to reduce memory usage. Loaded Objects now: 2387.
Total: 2.925953 ms (FindLiveObjects: 0.362317 ms CreateObjectMapping: 0.147326 ms MarkObjects: 2.257769 ms  DeleteObjects: 0.156213 ms)

========================================================================
Received Prepare
Registering precompiled user dll's ...
Registered in 0.000890 seconds.
Begin MonoManager ReloadAssembly
Native extension for OSXStandalone target not found
Native extension for WebGL target not found
Refreshing native plugins compatible for Editor in 0.45 ms, found 2 plugins.
Preloading 0 native plugins for Editor in 0.00 ms.
Invoked RoslynAnalysisRunner static constructor.
RoslynAnalysisRunner will not be running.
RoslynAnalysisRunner has terminated.
Mono: successfully reloaded assembly
- Completed reload, in  1.290 seconds
Platform modules already initialized, skipping
Refreshing native plugins compatible for Editor in 0.46 ms, found 2 plugins.
Preloading 0 native plugins for Editor in 0.00 ms.
Unloading 1828 Unused Serialized files (Serialized files now loaded: 0)
System memory in use before: 184.1 MB.
System memory in use after: 184.1 MB.

Unloading 12 unused Assets to reduce memory usage. Loaded Objects now: 2390.
Total: 2.685979 ms (FindLiveObjects: 0.263529 ms CreateObjectMapping: 0.077078 ms MarkObjects: 2.094815 ms  DeleteObjects: 0.247968 ms)

========================================================================
Received Prepare
Registering precompiled user dll's ...
Registered in 0.001852 seconds.
Begin MonoManager ReloadAssembly
Native extension for OSXStandalone target not found
Native extension for WebGL target not found
Refreshing native plugins compatible for Editor in 0.48 ms, found 2 plugins.
Preloading 0 native plugins for Editor in 0.00 ms.
Invoked RoslynAnalysisRunner static constructor.
RoslynAnalysisRunner will not be running.
RoslynAnalysisRunner has terminated.
Mono: successfully reloaded assembly
- Completed reload, in  1.452 seconds
Platform modules already initialized, skipping
Refreshing native plugins compatible for Editor in 0.46 ms, found 2 plugins.
Preloading 0 native plugins for Editor in 0.00 ms.
Unloading 1828 Unused Serialized files (Serialized files now loaded: 0)
System memory in use before: 184.3 MB.
System memory in use after: 184.4 MB.

Unloading 12 unused Assets to reduce memory usage. Loaded Objects now: 2393.
Total: 2.814560 ms (FindLiveObjects: 0.333966 ms CreateObjectMapping: 0.071336 ms MarkObjects: 2.261727 ms  DeleteObjects: 0.144818 ms)

========================================================================
Received Prepare
Registering precompiled user dll's ...
Registered in 0.000873 seconds.
Begin MonoManager ReloadAssembly
Native extension for OSXStandalone target not found
Native extension for WebGL target not found
Refreshing native plugins compatible for Editor in 0.44 ms, found 2 plugins.
Preloading 0 native plugins for Editor in 0.00 ms.
Invoked RoslynAnalysisRunner static constructor.
RoslynAnalysisRunner will not be running.
RoslynAnalysisRunner has terminated.
Mono: successfully reloaded assembly
- Completed reload, in  1.294 seconds
Platform modules already initialized, skipping
Refreshing native plugins compatible for Editor in 0.44 ms, found 2 plugins.
Preloading 0 native plugins for Editor in 0.00 ms.
Unloading 1828 Unused Serialized files (Serialized files now loaded: 0)
System memory in use before: 184.5 MB.
System memory in use after: 184.5 MB.

Unloading 12 unused Assets to reduce memory usage. Loaded Objects now: 2396.
Total: 3.200184 ms (FindLiveObjects: 0.372284 ms CreateObjectMapping: 0.123361 ms MarkObjects: 2.544298 ms  DeleteObjects: 0.156815 ms)

========================================================================
Received Prepare
Registering precompiled user dll's ...
Registered in 0.001706 seconds.
Begin MonoManager ReloadAssembly
Native extension for OSXStandalone target not found
Native extension for WebGL target not found
Refreshing native plugins compatible for Editor in 0.44 ms, found 2 plugins.
Preloading 0 native plugins for Editor in 0.00 ms.
Invoked RoslynAnalysisRunner static constructor.
RoslynAnalysisRunner will not be running.
RoslynAnalysisRunner has terminated.
Mono: successfully reloaded assembly
- Completed reload, in  1.314 seconds
Platform modules already initialized, skipping
Refreshing native plugins compatible for Editor in 0.46 ms, found 2 plugins.
Preloading 0 native plugins for Editor in 0.00 ms.
Unloading 1828 Unused Serialized files (Serialized files now loaded: 0)
System memory in use before: 184.5 MB.
System memory in use after: 184.5 MB.

Unloading 12 unused Assets to reduce memory usage. Loaded Objects now: 2399.
Total: 3.353376 ms (FindLiveObjects: 0.441914 ms CreateObjectMapping: 0.108492 ms MarkObjects: 2.644205 ms  DeleteObjects: 0.156602 ms)

========================================================================
Received Prepare
Registering precompiled user dll's ...
Registered in 0.001334 seconds.
Begin MonoManager ReloadAssembly
Native extension for OSXStandalone target not found
Native extension for WebGL target not found
Refreshing native plugins compatible for Editor in 0.53 ms, found 2 plugins.
Preloading 0 native plugins for Editor in 0.00 ms.
Invoked RoslynAnalysisRunner static constructor.
RoslynAnalysisRunner will not be running.
RoslynAnalysisRunner has terminated.
Mono: successfully reloaded assembly
- Completed reload, in  1.260 seconds
Platform modules already initialized, skipping
Refreshing native plugins compatible for Editor in 0.51 ms, found 2 plugins.
Preloading 0 native plugins for Editor in 0.00 ms.
Unloading 1828 Unused Serialized files (Serialized files now loaded: 0)
System memory in use before: 184.9 MB.
System memory in use after: 184.9 MB.

Unloading 12 unused Assets to reduce memory usage. Loaded Objects now: 2402.
Total: 2.387196 ms (FindLiveObjects: 0.256133 ms CreateObjectMapping: 0.068962 ms MarkObjects: 1.888180 ms  DeleteObjects: 0.172224 ms)

========================================================================
Received Prepare
Registering precompiled user dll's ...
Registered in 0.000722 seconds.
Begin MonoManager ReloadAssembly
Native extension for OSXStandalone target not found
Native extension for WebGL target not found
Refreshing native plugins compatible for Editor in 0.60 ms, found 2 plugins.
Preloading 0 native plugins for Editor in 0.00 ms.
Invoked RoslynAnalysisRunner static constructor.
RoslynAnalysisRunner will not be running.
RoslynAnalysisRunner has terminated.
Mono: successfully reloaded assembly
- Completed reload, in  1.307 seconds
Platform modules already initialized, skipping
Refreshing native plugins compatible for Editor in 0.46 ms, found 2 plugins.
Preloading 0 native plugins for Editor in 0.00 ms.
Unloading 1828 Unused Serialized files (Serialized files now loaded: 0)
System memory in use before: 185.1 MB.
System memory in use after: 185.1 MB.

Unloading 12 unused Assets to reduce memory usage. Loaded Objects now: 2405.
Total: 2.690832 ms (FindLiveObjects: 0.275520 ms CreateObjectMapping: 0.070817 ms MarkObjects: 2.207866 ms  DeleteObjects: 0.134175 ms)

========================================================================
Received Prepare
Registering precompiled user dll's ...
Registered in 0.000756 seconds.
Begin MonoManager ReloadAssembly
Native extension for OSXStandalone target not found
Native extension for WebGL target not found
Refreshing native plugins compatible for Editor in 0.46 ms, found 2 plugins.
Preloading 0 native plugins for Editor in 0.00 ms.
Invoked RoslynAnalysisRunner static constructor.
RoslynAnalysisRunner will not be running.
RoslynAnalysisRunner has terminated.
Mono: successfully reloaded assembly
- Completed reload, in  1.295 seconds
Platform modules already initialized, skipping
Refreshing native plugins compatible for Editor in 0.45 ms, found 2 plugins.
Preloading 0 native plugins for Editor in 0.00 ms.
Unloading 1828 Unused Serialized files (Serialized files now loaded: 0)
System memory in use before: 185.3 MB.
System memory in use after: 185.3 MB.

Unloading 12 unused Assets to reduce memory usage. Loaded Objects now: 2408.
Total: 3.452256 ms (FindLiveObjects: 0.429385 ms CreateObjectMapping: 0.154935 ms MarkObjects: 2.685183 ms  DeleteObjects: 0.179891 ms)

========================================================================
Received Prepare
Registering precompiled user dll's ...
Registered in 0.000804 seconds.
Begin MonoManager ReloadAssembly
Native extension for OSXStandalone target not found
Native extension for WebGL target not found
Refreshing native plugins compatible for Editor in 0.48 ms, found 2 plugins.
Preloading 0 native plugins for Editor in 0.00 ms.
Invoked RoslynAnalysisRunner static constructor.
RoslynAnalysisRunner will not be running.
RoslynAnalysisRunner has terminated.
Mono: successfully reloaded assembly
- Completed reload, in  1.283 seconds
Platform modules already initialized, skipping
Refreshing native plugins compatible for Editor in 0.45 ms, found 2 plugins.
Preloading 0 native plugins for Editor in 0.00 ms.
Unloading 1828 Unused Serialized files (Serialized files now loaded: 0)
System memory in use before: 185.5 MB.
System memory in use after: 185.5 MB.

Unloading 12 unused Assets to reduce memory usage. Loaded Objects now: 2411.
Total: 2.669920 ms (FindLiveObjects: 0.270094 ms CreateObjectMapping: 0.080122 ms MarkObjects: 2.097594 ms  DeleteObjects: 0.219949 ms)

