Using pre-set license

 COMMAND LINE ARGUMENTS:
/Applications/Unity/Hub/Editor/2020.2.1f1/Unity.app/Contents/MacOS/Unity
-adb2
-batchMode
-noUpm
-name
AssetImportWorker0
-projectPath
/Users/tamio/Documents/UnityProjects/Unity2DCourse/GlitchGarden/GlitchGarden
-logFile
Logs/AssetImportWorker0.log
-srvPort
64613
Successfully changed project path to: /Users/tamio/Documents/UnityProjects/Unity2DCourse/GlitchGarden/GlitchGarden
/Users/tamio/Documents/UnityProjects/Unity2DCourse/GlitchGarden/GlitchGarden
Using Asset Import Pipeline V2.
Refreshing native plugins compatible for Editor in 61.88 ms, found 2 plugins.
Preloading 0 native plugins for Editor in 0.00 ms.
Initialize engine version: 2020.2.1f1 (270dd8c3da1c)
[Subsystems] Discovering subsystems at path /Applications/Unity/Hub/Editor/2020.2.1f1/Unity.app/Contents/Resources/UnitySubsystems
[Subsystems] Discovering subsystems at path /Users/tamio/Documents/UnityProjects/Unity2DCourse/GlitchGarden/GlitchGarden/Assets
GfxDevice: creating device client; threaded=0
2021-06-03 16:27:15.604 Unity[30405:883198] VE247 preferred device: NVIDIA GeForce GT 650M (high power)
2021-06-03 16:27:15.604 Unity[30405:883198] Metal devices available: 2
2021-06-03 16:27:15.604 Unity[30405:883198] 0: NVIDIA GeForce GT 650M (high power)
2021-06-03 16:27:15.604 Unity[30405:883198] 1: Intel HD Graphics 4000 (low power)
2021-06-03 16:27:15.605 Unity[30405:883198] Using device NVIDIA GeForce GT 650M (high power)
Initializing Metal device caps: NVIDIA GeForce GT 650M
Initialize mono
Mono path[0] = '/Applications/Unity/Hub/Editor/2020.2.1f1/Unity.app/Contents/Managed'
Mono path[1] = '/Applications/Unity/Hub/Editor/2020.2.1f1/Unity.app/Contents/MonoBleedingEdge/lib/mono/unityjit'
Mono config path = '/Applications/Unity/Hub/Editor/2020.2.1f1/Unity.app/Contents/MonoBleedingEdge/etc'
Using monoOptions --debugger-agent=transport=dt_socket,embedding=1,server=y,suspend=n,address=127.0.0.1:56405
Begin MonoManager ReloadAssembly
Registering precompiled unity dll's ...
Register platform support module: /Applications/Unity/Hub/Editor/2020.2.1f1/PlaybackEngines/WebGLSupport/UnityEditor.WebGL.Extensions.dll
Register platform support module: /Applications/Unity/Hub/Editor/2020.2.1f1/Unity.app/Contents/PlaybackEngines/MacStandaloneSupport/UnityEditor.OSXStandalone.Extensions.dll
Registered in 0.000911 seconds.
Native extension for OSXStandalone target not found
Native extension for WebGL target not found
Refreshing native plugins compatible for Editor in 53.72 ms, found 2 plugins.
Preloading 0 native plugins for Editor in 0.00 ms.
Invoked RoslynAnalysisRunner static constructor.
RoslynAnalysisRunner will not be running.
RoslynAnalysisRunner has terminated.
Mono: successfully reloaded assembly
- Completed reload, in  6.509 seconds
Platform modules already initialized, skipping
Registering precompiled user dll's ...
Registered in 0.000774 seconds.
Begin MonoManager ReloadAssembly
Native extension for OSXStandalone target not found
Native extension for WebGL target not found
Refreshing native plugins compatible for Editor in 54.55 ms, found 2 plugins.
Preloading 0 native plugins for Editor in 0.00 ms.
Invoked RoslynAnalysisRunner static constructor.
RoslynAnalysisRunner will not be running.
RoslynAnalysisRunner has terminated.
Mono: successfully reloaded assembly
- Completed reload, in  1.567 seconds
Platform modules already initialized, skipping
========================================================================
Worker process is ready to serve import requests
Launching external process: /Applications/Unity/Hub/Editor/2020.2.1f1/Unity.app/Contents/Tools/UnityShaderCompiler
Launched and connected shader compiler UnityShaderCompiler after 0.04 seconds
Refreshing native plugins compatible for Editor in 0.46 ms, found 2 plugins.
Preloading 0 native plugins for Editor in 0.00 ms.
Unloading 1853 Unused Serialized files (Serialized files now loaded: 0)
System memory in use before: 153.5 MB.
System memory in use after: 153.5 MB.

Unloading 24 unused Assets to reduce memory usage. Loaded Objects now: 2300.
Total: 3.411625 ms (FindLiveObjects: 0.345721 ms CreateObjectMapping: 0.195734 ms MarkObjects: 2.658410 ms  DeleteObjects: 0.209848 ms)

========================================================================
Received Import Request.
  path: Assets/Scripts/PlayerPrefsController.cs
  artifactKey: Guid(d6e5a7f8a28f7460bbe312b00e10c1bc) Importer(815301076,1909f56bfc062723c751e8b465ee728b)
Start importing Assets/Scripts/PlayerPrefsController.cs using Guid(d6e5a7f8a28f7460bbe312b00e10c1bc) Importer(815301076,1909f56bfc062723c751e8b465ee728b)  -> (artifact id: '85e5defabcee4ccee487cf78e716914f') in 0.391212 seconds
  Import took 0.397523 seconds .

========================================================================
Received Import Request.
  Time since last request: 169.265442 seconds.
  path: Assets/Scripts/PlayerPrefsController.cs
  artifactKey: Guid(d6e5a7f8a28f7460bbe312b00e10c1bc) Importer(815301076,1909f56bfc062723c751e8b465ee728b)
Start importing Assets/Scripts/PlayerPrefsController.cs using Guid(d6e5a7f8a28f7460bbe312b00e10c1bc) Importer(815301076,1909f56bfc062723c751e8b465ee728b)  -> (artifact id: 'b0adb10187bca24f0d1e64dbc9c6b7da') in 0.002468 seconds
  Import took 0.007529 seconds .

========================================================================
Received Prepare
Registering precompiled user dll's ...
Registered in 0.001407 seconds.
Begin MonoManager ReloadAssembly
Native extension for OSXStandalone target not found
Native extension for WebGL target not found
Refreshing native plugins compatible for Editor in 0.49 ms, found 2 plugins.
Preloading 0 native plugins for Editor in 0.00 ms.
Invoked RoslynAnalysisRunner static constructor.
RoslynAnalysisRunner will not be running.
RoslynAnalysisRunner has terminated.
Mono: successfully reloaded assembly
- Completed reload, in  1.316 seconds
Platform modules already initialized, skipping
Refreshing native plugins compatible for Editor in 0.48 ms, found 2 plugins.
Preloading 0 native plugins for Editor in 0.00 ms.
Unloading 1835 Unused Serialized files (Serialized files now loaded: 0)
System memory in use before: 157.4 MB.
System memory in use after: 157.5 MB.

Unloading 12 unused Assets to reduce memory usage. Loaded Objects now: 2303.
Total: 3.027960 ms (FindLiveObjects: 0.380269 ms CreateObjectMapping: 0.186690 ms MarkObjects: 2.325010 ms  DeleteObjects: 0.134114 ms)

========================================================================
Received Import Request.
  Time since last request: 251.865800 seconds.
  path: Assets/Scripts/PlayerPrefsController.cs
  artifactKey: Guid(d6e5a7f8a28f7460bbe312b00e10c1bc) Importer(815301076,1909f56bfc062723c751e8b465ee728b)
Start importing Assets/Scripts/PlayerPrefsController.cs using Guid(d6e5a7f8a28f7460bbe312b00e10c1bc) Importer(815301076,1909f56bfc062723c751e8b465ee728b)  -> (artifact id: 'd905f384eeb82a925c85a80d04dcd5b9') in 0.006522 seconds
  Import took 0.011810 seconds .

========================================================================
Received Import Request.
  Time since last request: 42.873187 seconds.
  path: Assets/Scripts/PlayerPrefsController.cs
  artifactKey: Guid(d6e5a7f8a28f7460bbe312b00e10c1bc) Importer(815301076,1909f56bfc062723c751e8b465ee728b)
Start importing Assets/Scripts/PlayerPrefsController.cs using Guid(d6e5a7f8a28f7460bbe312b00e10c1bc) Importer(815301076,1909f56bfc062723c751e8b465ee728b)  -> (artifact id: '364014286443955585613a51fbcba549') in 0.004144 seconds
  Import took 0.009480 seconds .

========================================================================
Received Prepare
Registering precompiled user dll's ...
Registered in 0.001457 seconds.
Begin MonoManager ReloadAssembly
Native extension for OSXStandalone target not found
Native extension for WebGL target not found
Refreshing native plugins compatible for Editor in 0.50 ms, found 2 plugins.
Preloading 0 native plugins for Editor in 0.00 ms.
Invoked RoslynAnalysisRunner static constructor.
RoslynAnalysisRunner will not be running.
RoslynAnalysisRunner has terminated.
Mono: successfully reloaded assembly
- Completed reload, in  1.352 seconds
Platform modules already initialized, skipping
Refreshing native plugins compatible for Editor in 0.48 ms, found 2 plugins.
Preloading 0 native plugins for Editor in 0.00 ms.
Unloading 1835 Unused Serialized files (Serialized files now loaded: 0)
System memory in use before: 158.5 MB.
System memory in use after: 158.6 MB.

Unloading 12 unused Assets to reduce memory usage. Loaded Objects now: 2306.
Total: 3.023686 ms (FindLiveObjects: 0.321972 ms CreateObjectMapping: 0.202756 ms MarkObjects: 2.355296 ms  DeleteObjects: 0.141760 ms)

========================================================================
Received Prepare
Registering precompiled user dll's ...
Registered in 0.000788 seconds.
Begin MonoManager ReloadAssembly
Native extension for OSXStandalone target not found
Native extension for WebGL target not found
Refreshing native plugins compatible for Editor in 0.45 ms, found 2 plugins.
Preloading 0 native plugins for Editor in 0.00 ms.
Invoked RoslynAnalysisRunner static constructor.
RoslynAnalysisRunner will not be running.
RoslynAnalysisRunner has terminated.
Mono: successfully reloaded assembly
- Completed reload, in  1.279 seconds
Platform modules already initialized, skipping
Refreshing native plugins compatible for Editor in 0.46 ms, found 2 plugins.
Preloading 0 native plugins for Editor in 0.00 ms.
Unloading 1835 Unused Serialized files (Serialized files now loaded: 0)
System memory in use before: 158.9 MB.
System memory in use after: 158.9 MB.

Unloading 12 unused Assets to reduce memory usage. Loaded Objects now: 2309.
Total: 2.755330 ms (FindLiveObjects: 0.288928 ms CreateObjectMapping: 0.205284 ms MarkObjects: 2.137748 ms  DeleteObjects: 0.122021 ms)

========================================================================
Received Prepare
Registering precompiled user dll's ...
Registered in 0.001662 seconds.
Begin MonoManager ReloadAssembly
Native extension for OSXStandalone target not found
Native extension for WebGL target not found
Refreshing native plugins compatible for Editor in 0.52 ms, found 2 plugins.
Preloading 0 native plugins for Editor in 0.00 ms.
Invoked RoslynAnalysisRunner static constructor.
RoslynAnalysisRunner will not be running.
RoslynAnalysisRunner has terminated.
Mono: successfully reloaded assembly
- Completed reload, in  1.639 seconds
Platform modules already initialized, skipping
Refreshing native plugins compatible for Editor in 0.56 ms, found 2 plugins.
Preloading 0 native plugins for Editor in 0.00 ms.
Unloading 1835 Unused Serialized files (Serialized files now loaded: 0)
System memory in use before: 159.0 MB.
System memory in use after: 159.0 MB.

Unloading 12 unused Assets to reduce memory usage. Loaded Objects now: 2312.
Total: 3.223298 ms (FindLiveObjects: 0.486366 ms CreateObjectMapping: 0.171754 ms MarkObjects: 2.428084 ms  DeleteObjects: 0.134694 ms)

